Performing C++ SOURCE FILE Test CMAKE_HAVE_LIBC_PTHREAD failed with the following output:
Change Dir: /home/ubuntu/sources/cuFHE/build/CMakeFiles/CMakeTmp

Run Build Command(s):/usr/bin/make cmTC_6b78d/fast && /usr/bin/make -f CMakeFiles/cmTC_6b78d.dir/build.make CMakeFiles/cmTC_6b78d.dir/build
make[1]: Entering directory '/home/ubuntu/sources/cuFHE/build/CMakeFiles/CMakeTmp'
Building CXX object CMakeFiles/cmTC_6b78d.dir/src.cxx.o
/usr/bin/clang++    -DCMAKE_HAVE_LIBC_PTHREAD   -std=gnu++17 -o CMakeFiles/cmTC_6b78d.dir/src.cxx.o -c /home/ubuntu/sources/cuFHE/build/CMakeFiles/CMakeTmp/src.cxx
Linking CXX executable cmTC_6b78d
/usr/bin/cmake -E cmake_link_script CMakeFiles/cmTC_6b78d.dir/link.txt --verbose=1
/usr/bin/clang++   -DCMAKE_HAVE_LIBC_PTHREAD    CMakeFiles/cmTC_6b78d.dir/src.cxx.o  -o cmTC_6b78d 
/usr/bin/ld: CMakeFiles/cmTC_6b78d.dir/src.cxx.o: in function `main':
src.cxx:(.text+0x35): undefined reference to `pthread_create'
/usr/bin/ld: src.cxx:(.text+0x41): undefined reference to `pthread_detach'
/usr/bin/ld: src.cxx:(.text+0x53): undefined reference to `pthread_join'
clang: error: linker command failed with exit code 1 (use -v to see invocation)
make[1]: *** [CMakeFiles/cmTC_6b78d.dir/build.make:87: cmTC_6b78d] Error 1
make[1]: Leaving directory '/home/ubuntu/sources/cuFHE/build/CMakeFiles/CMakeTmp'
make: *** [Makefile:121: cmTC_6b78d/fast] Error 2


Source file was:
#include <pthread.h>

void* test_func(void* data)
{
  return data;
}

int main(void)
{
  pthread_t thread;
  pthread_create(&thread, NULL, test_func, NULL);
  pthread_detach(thread);
  pthread_join(thread, NULL);
  pthread_atfork(NULL, NULL, NULL);
  pthread_exit(NULL);

  return 0;
}

Determining if the function pthread_create exists in the pthreads failed with the following output:
Change Dir: /home/ubuntu/sources/cuFHE/build/CMakeFiles/CMakeTmp

Run Build Command(s):/usr/bin/make cmTC_060e5/fast && /usr/bin/make -f CMakeFiles/cmTC_060e5.dir/build.make CMakeFiles/cmTC_060e5.dir/build
make[1]: Entering directory '/home/ubuntu/sources/cuFHE/build/CMakeFiles/CMakeTmp'
Building CXX object CMakeFiles/cmTC_060e5.dir/CheckFunctionExists.cxx.o
/usr/bin/clang++    -DCHECK_FUNCTION_EXISTS=pthread_create   -std=gnu++17 -o CMakeFiles/cmTC_060e5.dir/CheckFunctionExists.cxx.o -c /home/ubuntu/sources/cuFHE/build/CMakeFiles/CheckLibraryExists/CheckFunctionExists.cxx
Linking CXX executable cmTC_060e5
/usr/bin/cmake -E cmake_link_script CMakeFiles/cmTC_060e5.dir/link.txt --verbose=1
/usr/bin/clang++   -DCHECK_FUNCTION_EXISTS=pthread_create    CMakeFiles/cmTC_060e5.dir/CheckFunctionExists.cxx.o  -o cmTC_060e5  -lpthreads 
/usr/bin/ld: cannot find -lpthreads
clang: error: linker command failed with exit code 1 (use -v to see invocation)
make[1]: *** [CMakeFiles/cmTC_060e5.dir/build.make:87: cmTC_060e5] Error 1
make[1]: Leaving directory '/home/ubuntu/sources/cuFHE/build/CMakeFiles/CMakeTmp'
make: *** [Makefile:121: cmTC_060e5/fast] Error 2



